code/app/build/intermediates/manifest_merge_blame_file/debug/manifest-merger-blame-debug-report.txt
1<?xml version="1.0" encoding="utf-8"?>
2<manifest xmlns:android="http://schemas.android.com/apk/res/android"
3    package="com.example.herathunter"
4    android:versionCode="1"
5    android:versionName="1.0" >
6
7    <uses-sdk
8        android:minSdkVersion="24"
9        android:targetSdkVersion="33" />
10
11    <queries>
11-->[com.google.android.engage:engage-core:1.3.0] AndroidManifest.xml:7:5-10:15
12        <package android:name="com.android.vending" />
12-->[com.google.android.engage:engage-core:1.3.0] AndroidManifest.xml:8:9-55
12-->[com.google.android.engage:engage-core:1.3.0] AndroidManifest.xml:8:18-52
13        <package android:name="com.google.android.engage.verifyapp" />
13-->[com.google.android.engage:engage-core:1.3.0] AndroidManifest.xml:9:9-71
13-->[com.google.android.engage:engage-core:1.3.0] AndroidManifest.xml:9:18-68
14    </queries>
15
16    <uses-permission android:name="android.permission.WAKE_LOCK" />
16-->[androidx.work:work-runtime:2.7.0] AndroidManifest.xml:25:5-68
16-->[androidx.work:work-runtime:2.7.0] AndroidManifest.xml:25:22-65
17    <uses-permission android:name="android.permission.ACCESS_NETWORK_STATE" />
17-->[androidx.work:work-runtime:2.7.0] AndroidManifest.xml:26:5-79
17-->[androidx.work:work-runtime:2.7.0] AndroidManifest.xml:26:22-76
18    <uses-permission android:name="android.permission.RECEIVE_BOOT_COMPLETED" />
18-->[androidx.work:work-runtime:2.7.0] AndroidManifest.xml:27:5-81
18-->[androidx.work:work-runtime:2.7.0] AndroidManifest.xml:27:22-78
19    <uses-permission android:name="android.permission.FOREGROUND_SERVICE" />
19-->[androidx.work:work-runtime:2.7.0] AndroidManifest.xml:28:5-77
19-->[androidx.work:work-runtime:2.7.0] AndroidManifest.xml:28:22-74
20
21    <permission
21-->[androidx.core:core:1.10.0] AndroidManifest.xml:22:5-24:47
22        android:name="com.example.herathunter.DYNAMIC_RECEIVER_NOT_EXPORTED_PERMISSION"
22-->[androidx.core:core:1.10.0] AndroidManifest.xml:23:9-81
23        android:protectionLevel="signature" />
23-->[androidx.core:core:1.10.0] AndroidManifest.xml:24:9-44
24
25    <uses-permission android:name="com.example.herathunter.DYNAMIC_RECEIVER_NOT_EXPORTED_PERMISSION" />
25-->[androidx.core:core:1.10.0] AndroidManifest.xml:26:5-97
25-->[androidx.core:core:1.10.0] AndroidManifest.xml:26:22-94
26
27    <application
27-->src\main\AndroidManifest.xml:5:5-26:19
28        android:allowBackup="true"
28-->src\main\AndroidManifest.xml:6:9-35
29        android:appComponentFactory="androidx.core.app.CoreComponentFactory"
29-->[androidx.core:core:1.10.0] AndroidManifest.xml:28:18-86
30        android:dataExtractionRules="@xml/data_extraction_rules"
30-->src\main\AndroidManifest.xml:7:9-65
31        android:debuggable="true"
32        android:extractNativeLibs="false"
33        android:fullBackupContent="@xml/backup_rules"
33-->src\main\AndroidManifest.xml:8:9-54
34        android:icon="@mipmap/ic_launcher"
34-->src\main\AndroidManifest.xml:9:9-43
35        android:label="@string/app_name"
35-->src\main\AndroidManifest.xml:10:9-41
36        android:roundIcon="@mipmap/ic_launcher_round"
36-->src\main\AndroidManifest.xml:11:9-54
37        android:supportsRtl="true"
37-->src\main\AndroidManifest.xml:12:9-35
38        android:testOnly="true"
39        android:theme="@style/Theme.HeratHunter" >
39-->src\main\AndroidManifest.xml:13:9-49
40        <activity
40-->src\main\AndroidManifest.xml:15:9-25:20
41            android:name="com.example.herathunter.MainActivity"
41-->src\main\AndroidManifest.xml:16:13-41
42            android:exported="true"
42-->src\main\AndroidManifest.xml:17:13-36
43            android:label="@string/app_name"
43-->src\main\AndroidManifest.xml:18:13-45
44            android:theme="@style/Theme.HeratHunter" >
44-->src\main\AndroidManifest.xml:19:13-53
45            <intent-filter>
45-->src\main\AndroidManifest.xml:20:13-24:29
46                <action android:name="android.intent.action.MAIN" />
46-->src\main\AndroidManifest.xml:21:17-69
46-->src\main\AndroidManifest.xml:21:25-66
47
48                <category android:name="android.intent.category.LAUNCHER" />
48-->src\main\AndroidManifest.xml:23:17-77
48-->src\main\AndroidManifest.xml:23:27-74
49            </intent-filter>
50        </activity>
51        <activity
51-->[androidx.compose.ui:ui-tooling-android:1.5.2] AndroidManifest.xml:23:9-25:39
52            android:name="androidx.compose.ui.tooling.PreviewActivity"
52-->[androidx.compose.ui:ui-tooling-android:1.5.2] AndroidManifest.xml:24:13-71
53            android:exported="true" />
53-->[androidx.compose.ui:ui-tooling-android:1.5.2] AndroidManifest.xml:25:13-36
54        <activity
54-->[androidx.compose.ui:ui-test-manifest:1.5.2] AndroidManifest.xml:23:9-25:39
55            android:name="androidx.activity.ComponentActivity"
55-->[androidx.compose.ui:ui-test-manifest:1.5.2] AndroidManifest.xml:24:13-63
56            android:exported="true" />
56-->[androidx.compose.ui:ui-test-manifest:1.5.2] AndroidManifest.xml:25:13-36
57
58        <provider
58-->[androidx.work:work-runtime:2.7.0] AndroidManifest.xml:31:9-39:20
59            android:name="androidx.startup.InitializationProvider"
59-->[androidx.work:work-runtime:2.7.0] AndroidManifest.xml:32:13-67
60            android:authorities="com.example.herathunter.androidx-startup"
60-->[androidx.work:work-runtime:2.7.0] AndroidManifest.xml:33:13-68
61            android:exported="false" >
61-->[androidx.work:work-runtime:2.7.0] AndroidManifest.xml:34:13-37
62            <meta-data
62-->[androidx.work:work-runtime:2.7.0] AndroidManifest.xml:36:13-38:52
63                android:name="androidx.work.WorkManagerInitializer"
63-->[androidx.work:work-runtime:2.7.0] AndroidManifest.xml:37:17-68
64                android:value="androidx.startup" />
64-->[androidx.work:work-runtime:2.7.0] AndroidManifest.xml:38:17-49
65            <meta-data
65-->[androidx.emoji2:emoji2:1.4.0] AndroidManifest.xml:29:13-31:52
66                android:name="androidx.emoji2.text.EmojiCompatInitializer"
66-->[androidx.emoji2:emoji2:1.4.0] AndroidManifest.xml:30:17-75
67                android:value="androidx.startup" />
67-->[androidx.emoji2:emoji2:1.4.0] AndroidManifest.xml:31:17-49
68            <meta-data
68-->[androidx.lifecycle:lifecycle-process:2.6.2] AndroidManifest.xml:29:13-31:52
69                android:name="androidx.lifecycle.ProcessLifecycleInitializer"
69-->[androidx.lifecycle:lifecycle-process:2.6.2] AndroidManifest.xml:30:17-78
70                android:value="androidx.startup" />
70-->[androidx.lifecycle:lifecycle-process:2.6.2] AndroidManifest.xml:31:17-49
71            <meta-data
71-->[androidx.profileinstaller:profileinstaller:1.3.0] AndroidManifest.xml:29:13-31:52
72                android:name="androidx.profileinstaller.ProfileInstallerInitializer"
72-->[androidx.profileinstaller:profileinstaller:1.3.0] AndroidManifest.xml:30:17-85
73                android:value="androidx.startup" />
73-->[androidx.profileinstaller:profileinstaller:1.3.0] AndroidManifest.xml:31:17-49
74        </provider>
75
76        <service
76-->[androidx.work:work-runtime:2.7.0] AndroidManifest.xml:41:9-46:35
77            android:name="androidx.work.impl.background.systemalarm.SystemAlarmService"
77-->[androidx.work:work-runtime:2.7.0] AndroidManifest.xml:42:13-88
78            android:directBootAware="false"
78-->[androidx.work:work-runtime:2.7.0] AndroidManifest.xml:43:13-44
79            android:enabled="@bool/enable_system_alarm_service_default"
79-->[androidx.work:work-runtime:2.7.0] AndroidManifest.xml:44:13-72
80            android:exported="false" />
80-->[androidx.work:work-runtime:2.7.0] AndroidManifest.xml:45:13-37
81        <service
81-->[androidx.work:work-runtime:2.7.0] AndroidManifest.xml:47:9-53:35
82            android:name="androidx.work.impl.background.systemjob.SystemJobService"
82-->[androidx.work:work-runtime:2.7.0] AndroidManifest.xml:48:13-84
83            android:directBootAware="false"
83-->[androidx.work:work-runtime:2.7.0] AndroidManifest.xml:49:13-44
84            android:enabled="@bool/enable_system_job_service_default"
84-->[androidx.work:work-runtime:2.7.0] AndroidManifest.xml:50:13-70
85            android:exported="true"
85-->[androidx.work:work-runtime:2.7.0] AndroidManifest.xml:51:13-36
86            android:permission="android.permission.BIND_JOB_SERVICE" />
86-->[androidx.work:work-runtime:2.7.0] AndroidManifest.xml:52:13-69
87        <service
87-->[androidx.work:work-runtime:2.7.0] AndroidManifest.xml:54:9-59:35
88            android:name="androidx.work.impl.foreground.SystemForegroundService"
88-->[androidx.work:work-runtime:2.7.0] AndroidManifest.xml:55:13-81
89            android:directBootAware="false"
89-->[androidx.work:work-runtime:2.7.0] AndroidManifest.xml:56:13-44
90            android:enabled="@bool/enable_system_foreground_service_default"
90-->[androidx.work:work-runtime:2.7.0] AndroidManifest.xml:57:13-77
91            android:exported="false" />
91-->[androidx.work:work-runtime:2.7.0] AndroidManifest.xml:58:13-37
92
93        <receiver
93-->[androidx.work:work-runtime:2.7.0] AndroidManifest.xml:61:9-66:35
94            android:name="androidx.work.impl.utils.ForceStopRunnable$BroadcastReceiver"
94-->[androidx.work:work-runtime:2.7.0] AndroidManifest.xml:62:13-88
95            android:directBootAware="false"
95-->[androidx.work:work-runtime:2.7.0] AndroidManifest.xml:63:13-44
96            android:enabled="true"
96-->[androidx.work:work-runtime:2.7.0] AndroidManifest.xml:64:13-35
97            android:exported="false" />
97-->[androidx.work:work-runtime:2.7.0] AndroidManifest.xml:65:13-37
98        <receiver
98-->[androidx.work:work-runtime:2.7.0] AndroidManifest.xml:67:9-77:20
99            android:name="androidx.work.impl.background.systemalarm.ConstraintProxy$BatteryChargingProxy"
99-->[androidx.work:work-runtime:2.7.0] AndroidManifest.xml:68:13-106
100            android:directBootAware="false"
100-->[androidx.work:work-runtime:2.7.0] AndroidManifest.xml:69:13-44
101            android:enabled="false"
101-->[androidx.work:work-runtime:2.7.0] AndroidManifest.xml:70:13-36
102            android:exported="false" >
102-->[androidx.work:work-runtime:2.7.0] AndroidManifest.xml:71:13-37
103            <intent-filter>
103-->[androidx.work:work-runtime:2.7.0] AndroidManifest.xml:73:13-76:29
104                <action android:name="android.intent.action.ACTION_POWER_CONNECTED" />
104-->[androidx.work:work-runtime:2.7.0] AndroidManifest.xml:74:17-87
104-->[androidx.work:work-runtime:2.7.0] AndroidManifest.xml:74:25-84
105                <action android:name="android.intent.action.ACTION_POWER_DISCONNECTED" />
105-->[androidx.work:work-runtime:2.7.0] AndroidManifest.xml:75:17-90
105-->[androidx.work:work-runtime:2.7.0] AndroidManifest.xml:75:25-87
106            </intent-filter>
107        </receiver>
108        <receiver
108-->[androidx.work:work-runtime:2.7.0] AndroidManifest.xml:78:9-88:20
109            android:name="androidx.work.impl.background.systemalarm.ConstraintProxy$BatteryNotLowProxy"
109-->[androidx.work:work-runtime:2.7.0] AndroidManifest.xml:79:13-104
110            android:directBootAware="false"
110-->[androidx.work:work-runtime:2.7.0] AndroidManifest.xml:80:13-44
111            android:enabled="false"
111-->[androidx.work:work-runtime:2.7.0] AndroidManifest.xml:81:13-36
112            android:exported="false" >
112-->[androidx.work:work-runtime:2.7.0] AndroidManifest.xml:82:13-37
113            <intent-filter>
113-->[androidx.work:work-runtime:2.7.0] AndroidManifest.xml:84:13-87:29
114                <action android:name="android.intent.action.BATTERY_OKAY" />
114-->[androidx.work:work-runtime:2.7.0] AndroidManifest.xml:85:17-77
114-->[androidx.work:work-runtime:2.7.0] AndroidManifest.xml:85:25-74
115                <action android:name="android.intent.action.BATTERY_LOW" />
115-->[androidx.work:work-runtime:2.7.0] AndroidManifest.xml:86:17-76
115-->[androidx.work:work-runtime:2.7.0] AndroidManifest.xml:86:25-73
116            </intent-filter>
117        </receiver>
118        <receiver
118-->[androidx.work:work-runtime:2.7.0] AndroidManifest.xml:89:9-99:20
119            android:name="androidx.work.impl.background.systemalarm.ConstraintProxy$StorageNotLowProxy"
119-->[androidx.work:work-runtime:2.7.0] AndroidManifest.xml:90:13-104
120            android:directBootAware="false"
120-->[androidx.work:work-runtime:2.7.0] AndroidManifest.xml:91:13-44
121            android:enabled="false"
121-->[androidx.work:work-runtime:2.7.0] AndroidManifest.xml:92:13-36
122            android:exported="false" >
122-->[androidx.work:work-runtime:2.7.0] AndroidManifest.xml:93:13-37
123            <intent-filter>
123-->[androidx.work:work-runtime:2.7.0] AndroidManifest.xml:95:13-98:29
124                <action android:name="android.intent.action.DEVICE_STORAGE_LOW" />
124-->[androidx.work:work-runtime:2.7.0] AndroidManifest.xml:96:17-83
124-->[androidx.work:work-runtime:2.7.0] AndroidManifest.xml:96:25-80
125                <action android:name="android.intent.action.DEVICE_STORAGE_OK" />
125-->[androidx.work:work-runtime:2.7.0] AndroidManifest.xml:97:17-82
125-->[androidx.work:work-runtime:2.7.0] AndroidManifest.xml:97:25-79
126            </intent-filter>
127        </receiver>
128        <receiver
128-->[androidx.work:work-runtime:2.7.0] AndroidManifest.xml:100:9-109:20
129            android:name="androidx.work.impl.background.systemalarm.ConstraintProxy$NetworkStateProxy"
129-->[androidx.work:work-runtime:2.7.0] AndroidManifest.xml:101:13-103
130            android:directBootAware="false"
130-->[androidx.work:work-runtime:2.7.0] AndroidManifest.xml:102:13-44
131            android:enabled="false"
131-->[androidx.work:work-runtime:2.7.0] AndroidManifest.xml:103:13-36
132            android:exported="false" >
132-->[androidx.work:work-runtime:2.7.0] AndroidManifest.xml:104:13-37
133            <intent-filter>
133-->[androidx.work:work-runtime:2.7.0] AndroidManifest.xml:106:13-108:29
134                <action android:name="android.net.conn.CONNECTIVITY_CHANGE" />
134-->[androidx.work:work-runtime:2.7.0] AndroidManifest.xml:107:17-79
134-->[androidx.work:work-runtime:2.7.0] AndroidManifest.xml:107:25-76
135            </intent-filter>
136        </receiver>
137        <receiver
137-->[androidx.work:work-runtime:2.7.0] AndroidManifest.xml:110:9-121:20
138            android:name="androidx.work.impl.background.systemalarm.RescheduleReceiver"
138-->[androidx.work:work-runtime:2.7.0] AndroidManifest.xml:111:13-88
139            android:directBootAware="false"
139-->[androidx.work:work-runtime:2.7.0] AndroidManifest.xml:112:13-44
140            android:enabled="false"
140-->[androidx.work:work-runtime:2.7.0] AndroidManifest.xml:113:13-36
141            android:exported="false" >
141-->[androidx.work:work-runtime:2.7.0] AndroidManifest.xml:114:13-37
142            <intent-filter>
142-->[androidx.work:work-runtime:2.7.0] AndroidManifest.xml:116:13-120:29
143                <action android:name="android.intent.action.BOOT_COMPLETED" />
143-->[androidx.work:work-runtime:2.7.0] AndroidManifest.xml:117:17-79
143-->[androidx.work:work-runtime:2.7.0] AndroidManifest.xml:117:25-76
144                <action android:name="android.intent.action.TIME_SET" />
144-->[androidx.work:work-runtime:2.7.0] AndroidManifest.xml:118:17-73
144-->[androidx.work:work-runtime:2.7.0] AndroidManifest.xml:118:25-70
145                <action android:name="android.intent.action.TIMEZONE_CHANGED" />
145-->[androidx.work:work-runtime:2.7.0] AndroidManifest.xml:119:17-81
145-->[androidx.work:work-runtime:2.7.0] AndroidManifest.xml:119:25-78
146            </intent-filter>
147        </receiver>
148        <receiver
148-->[androidx.work:work-runtime:2.7.0] AndroidManifest.xml:122:9-131:20
149            android:name="androidx.work.impl.background.systemalarm.ConstraintProxyUpdateReceiver"
149-->[androidx.work:work-runtime:2.7.0] AndroidManifest.xml:123:13-99
150            android:directBootAware="false"
150-->[androidx.work:work-runtime:2.7.0] AndroidManifest.xml:124:13-44
151            android:enabled="@bool/enable_system_alarm_service_default"
151-->[androidx.work:work-runtime:2.7.0] AndroidManifest.xml:125:13-72
152            android:exported="false" >
152-->[androidx.work:work-runtime:2.7.0] AndroidManifest.xml:126:13-37
153            <intent-filter>
153-->[androidx.work:work-runtime:2.7.0] AndroidManifest.xml:128:13-130:29
154                <action android:name="androidx.work.impl.background.systemalarm.UpdateProxies" />
154-->[androidx.work:work-runtime:2.7.0] AndroidManifest.xml:129:17-98
154-->[androidx.work:work-runtime:2.7.0] AndroidManifest.xml:129:25-95
155            </intent-filter>
156        </receiver>
157        <receiver
157-->[androidx.work:work-runtime:2.7.0] AndroidManifest.xml:132:9-142:20
158            android:name="androidx.work.impl.diagnostics.DiagnosticsReceiver"
158-->[androidx.work:work-runtime:2.7.0] AndroidManifest.xml:133:13-78
159            android:directBootAware="false"
159-->[androidx.work:work-runtime:2.7.0] AndroidManifest.xml:134:13-44
160            android:enabled="true"
160-->[androidx.work:work-runtime:2.7.0] AndroidManifest.xml:135:13-35
161            android:exported="true"
161-->[androidx.work:work-runtime:2.7.0] AndroidManifest.xml:136:13-36
162            android:permission="android.permission.DUMP" >
162-->[androidx.work:work-runtime:2.7.0] AndroidManifest.xml:137:13-57
163            <intent-filter>
163-->[androidx.work:work-runtime:2.7.0] AndroidManifest.xml:139:13-141:29
164                <action android:name="androidx.work.diagnostics.REQUEST_DIAGNOSTICS" />
164-->[androidx.work:work-runtime:2.7.0] AndroidManifest.xml:140:17-88
164-->[androidx.work:work-runtime:2.7.0] AndroidManifest.xml:140:25-85
165            </intent-filter>
166        </receiver>
167
168        <meta-data
168-->[com.google.android.gms:play-services-basement:18.1.0] AndroidManifest.xml:21:9-23:69
169            android:name="com.google.android.gms.version"
169-->[com.google.android.gms:play-services-basement:18.1.0] AndroidManifest.xml:22:13-58
170            android:value="@integer/google_play_services_version" />
170-->[com.google.android.gms:play-services-basement:18.1.0] AndroidManifest.xml:23:13-66
171
172        <receiver
172-->[androidx.profileinstaller:profileinstaller:1.3.0] AndroidManifest.xml:34:9-52:20
173            android:name="androidx.profileinstaller.ProfileInstallReceiver"
173-->[androidx.profileinstaller:profileinstaller:1.3.0] AndroidManifest.xml:35:13-76
174            android:directBootAware="false"
174-->[androidx.profileinstaller:profileinstaller:1.3.0] AndroidManifest.xml:36:13-44
175            android:enabled="true"
175-->[androidx.profileinstaller:profileinstaller:1.3.0] AndroidManifest.xml:37:13-35
176            android:exported="true"
176-->[androidx.profileinstaller:profileinstaller:1.3.0] AndroidManifest.xml:38:13-36
177            android:permission="android.permission.DUMP" >
177-->[androidx.profileinstaller:profileinstaller:1.3.0] AndroidManifest.xml:39:13-57
178            <intent-filter>
178-->[androidx.profileinstaller:profileinstaller:1.3.0] AndroidManifest.xml:40:13-42:29
179                <action android:name="androidx.profileinstaller.action.INSTALL_PROFILE" />
179-->[androidx.profileinstaller:profileinstaller:1.3.0] AndroidManifest.xml:41:17-91
179-->[androidx.profileinstaller:profileinstaller:1.3.0] AndroidManifest.xml:41:25-88
180            </intent-filter>
181            <intent-filter>
181-->[androidx.profileinstaller:profileinstaller:1.3.0] AndroidManifest.xml:43:13-45:29
182                <action android:name="androidx.profileinstaller.action.SKIP_FILE" />
182-->[androidx.profileinstaller:profileinstaller:1.3.0] AndroidManifest.xml:44:17-85
182-->[androidx.profileinstaller:profileinstaller:1.3.0] AndroidManifest.xml:44:25-82
183            </intent-filter>
184            <intent-filter>
184-->[androidx.profileinstaller:profileinstaller:1.3.0] AndroidManifest.xml:46:13-48:29
185                <action android:name="androidx.profileinstaller.action.SAVE_PROFILE" />
185-->[androidx.profileinstaller:profileinstaller:1.3.0] AndroidManifest.xml:47:17-88
185-->[androidx.profileinstaller:profileinstaller:1.3.0] AndroidManifest.xml:47:25-85
186            </intent-filter>
187            <intent-filter>
187-->[androidx.profileinstaller:profileinstaller:1.3.0] AndroidManifest.xml:49:13-51:29
188                <action android:name="androidx.profileinstaller.action.BENCHMARK_OPERATION" />
188-->[androidx.profileinstaller:profileinstaller:1.3.0] AndroidManifest.xml:50:17-95
188-->[androidx.profileinstaller:profileinstaller:1.3.0] AndroidManifest.xml:50:25-92
189            </intent-filter>
190        </receiver>
191
192        <service
192-->[androidx.room:room-runtime:2.2.5] AndroidManifest.xml:25:9-28:40
193            android:name="androidx.room.MultiInstanceInvalidationService"
193-->[androidx.room:room-runtime:2.2.5] AndroidManifest.xml:26:13-74
194            android:directBootAware="true"
194-->[androidx.room:room-runtime:2.2.5] AndroidManifest.xml:27:13-43
195            android:exported="false" />
195-->[androidx.room:room-runtime:2.2.5] AndroidManifest.xml:28:13-37
196    </application>
197
198</manifest>